[debug] > Exec(test, None, None)
[debug] Evaluating tasks: Test / test
[debug] Running task... Cancel: Signal, check cycles: false, forcegc: true
[info] compiling 1 Scala source to E:\work\scala\lab_recursion\target\scala-2.13\classes ...
[warn] 2 deprecations (since 2.13.0); re-run with -deprecation for details
[warn] one warning found
[info] done compiling
[info] BalanceSuite:
[info] - balance: '(if (zero? x) max (/ 1 x))' is balanced
[info] - balance: 'I told him ...' is balanced
[info] - balance: ':-)' is unbalanced
[info] - balance: counting is not enough
[info] PascalSuite:
[info] - pascal: col=0,row=2
[info] - pascal: col=1,row=2
[info] - pascal: col=1,row=3
[info] CountChangeSuite:
[info] - countChange: example given in instructions
[info] - countChange: sorted CHF
[info] recfun.CountChangeSuite *** ABORTED ***
[info]   java.lang.StackOverflowError:
[info]   at recfun.Main$.innerCountChange$1(Main.scala:49)
[info]   at recfun.Main$.innerCountChange$1(Main.scala:49)
[info]   at recfun.Main$.innerCountChange$1(Main.scala:49)
[info]   at recfun.Main$.innerCountChange$1(Main.scala:49)
[info]   at recfun.Main$.innerCountChange$1(Main.scala:49)
[info]   at recfun.Main$.innerCountChange$1(Main.scala:49)
[info]   at recfun.Main$.innerCountChange$1(Main.scala:49)
[info]   at recfun.Main$.innerCountChange$1(Main.scala:49)
[info]   at recfun.Main$.innerCountChange$1(Main.scala:49)
[info]   at recfun.Main$.innerCountChange$1(Main.scala:49)
[info]   ...
[error] java.lang.StackOverflowError
[error] 	at recfun.Main$.innerCountChange$1(Main.scala:49)
[error] 	at recfun.Main$.innerCountChange$1(Main.scala:49)
[error] 	at recfun.Main$.innerCountChange$1(Main.scala:49)
[error] 	at recfun.Main$.innerCountChange$1(Main.scala:49)
[error] 	at recfun.Main$.innerCountChange$1(Main.scala:49)
[error] 	at recfun.Main$.innerCountChange$1(Main.scala:49)
[error] 	at recfun.Main$.innerCountChange$1(Main.scala:49)
[error] 	at recfun.Main$.innerCountChange$1(Main.scala:49)
[error] 	at recfun.Main$.innerCountChange$1(Main.scala:49)
[error] 	at recfun.Main$.innerCountChange$1(Main.scala:49)
[error] 	at recfun.Main$.innerCountChange$1(Main.scala:49)
[error] 	at recfun.Main$.innerCountChange$1(Main.scala:49)
[error] 	at recfun.Main$.innerCountChange$1(Main.scala:49)
[error] 	at recfun.Main$.innerCountChange$1(Main.scala:49)
[error] 	at recfun.Main$.innerCountChange$1(Main.scala:49)
[error] 	at recfun.Main$.innerCountChange$1(Main.scala:49)
[error] 	at recfun.Main$.innerCountChange$1(Main.scala:49)
[error] 	at recfun.Main$.innerCountChange$1(Main.scala:49)
[error] 	at recfun.Main$.innerCountChange$1(Main.scala:49)
[error] 	at recfun.Main$.innerCountChange$1(Main.scala:49)
[error] 	at recfun.Main$.innerCountChange$1(Main.scala:49)
[error] 	at recfun.Main$.innerCountChange$1(Main.scala:49)
[error] 	at recfun.Main$.innerCountChange$1(Main.scala:49)
[error] 	at recfun.Main$.innerCountChange$1(Main.scala:49)
[error] 	at recfun.Main$.innerCountChange$1(Main.scala:49)
[error] 	at recfun.Main$.innerCountChange$1(Main.scala:49)
[error] 	at recfun.Main$.innerCountChange$1(Main.scala:49)
[error] 	at recfun.Main$.innerCountChange$1(Main.scala:49)
[error] 	at recfun.Main$.innerCountChange$1(Main.scala:49)
[error] 	at recfun.Main$.innerCountChange$1(Main.scala:49)
[error] 	at recfun.Main$.innerCountChange$1(Main.scala:49)
[error] 	at recfun.Main$.innerCountChange$1(Main.scala:49)
[error] 	at recfun.Main$.innerCountChange$1(Main.scala:49)
[error] 	at recfun.Main$.innerCountChange$1(Main.scala:49)
[error] 	at recfun.Main$.innerCountChange$1(Main.scala:49)
[error] 	at recfun.Main$.innerCountChange$1(Main.scala:49)
[error] 	at recfun.Main$.innerCountChange$1(Main.scala:49)
[error] 	at recfun.Main$.innerCountChange$1(Main.scala:49)
[error] 	at recfun.Main$.innerCountChange$1(Main.scala:49)
[error] 	at recfun.Main$.innerCountChange$1(Main.scala:49)
[error] 	at recfun.Main$.innerCountChange$1(Main.scala:49)
[error] 	at recfun.Main$.innerCountChange$1(Main.scala:49)
[error] 	at recfun.Main$.innerCountChange$1(Main.scala:49)
[error] 	at recfun.Main$.innerCountChange$1(Main.scala:49)
[error] 	at recfun.Main$.innerCountChange$1(Main.scala:49)
[error] 	at recfun.Main$.innerCountChange$1(Main.scala:49)
[error] 	at recfun.Main$.innerCountChange$1(Main.scala:49)
[error] 	at recfun.Main$.innerCountChange$1(Main.scala:49)
[error] 	at recfun.Main$.innerCountChange$1(Main.scala:49)
[error] 	at recfun.Main$.innerCountChange$1(Main.scala:49)
[error] 	at recfun.Main$.innerCountChange$1(Main.scala:49)
[error] 	at recfun.Main$.innerCountChange$1(Main.scala:49)
[error] 	at recfun.Main$.innerCountChange$1(Main.scala:49)
[error] 	at recfun.Main$.innerCountChange$1(Main.scala:49)
[error] 	at recfun.Main$.innerCountChange$1(Main.scala:49)
[error] 	at recfun.Main$.innerCountChange$1(Main.scala:49)
[error] 	at recfun.Main$.innerCountChange$1(Main.scala:49)
[error] 	at recfun.Main$.innerCountChange$1(Main.scala:49)
[error] 	at recfun.Main$.innerCountChange$1(Main.scala:49)
[error] 	at recfun.Main$.innerCountChange$1(Main.scala:49)
[error] 	at recfun.Main$.innerCountChange$1(Main.scala:49)
[error] 	at recfun.Main$.innerCountChange$1(Main.scala:49)
[error] 	at recfun.Main$.innerCountChange$1(Main.scala:49)
[error] 	at recfun.Main$.innerCountChange$1(Main.scala:49)
[error] 	at recfun.Main$.innerCountChange$1(Main.scala:49)
[error] 	at recfun.Main$.innerCountChange$1(Main.scala:49)
[error] 	at recfun.Main$.innerCountChange$1(Main.scala:49)
[error] 	at recfun.Main$.innerCountChange$1(Main.scala:49)
[error] 	at recfun.Main$.innerCountChange$1(Main.scala:49)
[error] 	at recfun.Main$.innerCountChange$1(Main.scala:49)
[error] 	at recfun.Main$.innerCountChange$1(Main.scala:49)
[error] 	at recfun.Main$.innerCountChange$1(Main.scala:49)
[error] 	at recfun.Main$.innerCountChange$1(Main.scala:49)
[error] 	at recfun.Main$.innerCountChange$1(Main.scala:49)
[error] 	at recfun.Main$.innerCountChange$1(Main.scala:49)
[error] 	at recfun.Main$.innerCountChange$1(Main.scala:49)
[error] 	at recfun.Main$.innerCountChange$1(Main.scala:49)
[error] 	at recfun.Main$.innerCountChange$1(Main.scala:49)
[error] 	at recfun.Main$.innerCountChange$1(Main.scala:49)
[error] 	at recfun.Main$.innerCountChange$1(Main.scala:49)
[error] 	at recfun.Main$.innerCountChange$1(Main.scala:49)
[error] 	at recfun.Main$.innerCountChange$1(Main.scala:49)
[error] 	at recfun.Main$.innerCountChange$1(Main.scala:49)
[error] 	at recfun.Main$.innerCountChange$1(Main.scala:49)
[error] 	at recfun.Main$.innerCountChange$1(Main.scala:49)
[error] 	at recfun.Main$.innerCountChange$1(Main.scala:49)
[error] 	at recfun.Main$.innerCountChange$1(Main.scala:49)
[error] 	at recfun.Main$.innerCountChange$1(Main.scala:49)
[error] 	at recfun.Main$.innerCountChange$1(Main.scala:49)
[error] 	at recfun.Main$.innerCountChange$1(Main.scala:49)
[error] 	at recfun.Main$.innerCountChange$1(Main.scala:49)
[error] 	at recfun.Main$.innerCountChange$1(Main.scala:49)
[error] 	at recfun.Main$.innerCountChange$1(Main.scala:49)
[error] 	at recfun.Main$.innerCountChange$1(Main.scala:49)
[error] 	at recfun.Main$.innerCountChange$1(Main.scala:49)
[error] 	at recfun.Main$.innerCountChange$1(Main.scala:49)
[error] 	at recfun.Main$.innerCountChange$1(Main.scala:49)
[error] 	at recfun.Main$.innerCountChange$1(Main.scala:49)
[error] 	at recfun.Main$.innerCountChange$1(Main.scala:49)
[error] 	at recfun.Main$.innerCountChange$1(Main.scala:49)
[error] 	at recfun.Main$.innerCountChange$1(Main.scala:49)
[error] 	at recfun.Main$.innerCountChange$1(Main.scala:49)
[error] 	at recfun.Main$.innerCountChange$1(Main.scala:49)
[error] 	at recfun.Main$.innerCountChange$1(Main.scala:49)
[error] 	at recfun.Main$.innerCountChange$1(Main.scala:49)
[error] 	at recfun.Main$.innerCountChange$1(Main.scala:49)
[error] 	at recfun.Main$.innerCountChange$1(Main.scala:49)
[error] 	at recfun.Main$.innerCountChange$1(Main.scala:49)
[error] 	at recfun.Main$.innerCountChange$1(Main.scala:49)
[error] 	at recfun.Main$.innerCountChange$1(Main.scala:49)
[error] 	at recfun.Main$.innerCountChange$1(Main.scala:49)
[error] 	at recfun.Main$.innerCountChange$1(Main.scala:49)
[error] 	at recfun.Main$.innerCountChange$1(Main.scala:49)
[error] 	at recfun.Main$.innerCountChange$1(Main.scala:49)
[error] 	at recfun.Main$.innerCountChange$1(Main.scala:49)
[error] 	at recfun.Main$.innerCountChange$1(Main.scala:49)
[error] 	at recfun.Main$.innerCountChange$1(Main.scala:49)
[error] 	at recfun.Main$.innerCountChange$1(Main.scala:49)
[error] 	at recfun.Main$.innerCountChange$1(Main.scala:49)
[error] 	at recfun.Main$.innerCountChange$1(Main.scala:49)
[error] 	at recfun.Main$.innerCountChange$1(Main.scala:49)
[error] 	at recfun.Main$.innerCountChange$1(Main.scala:49)
[error] 	at recfun.Main$.innerCountChange$1(Main.scala:49)
[error] 	at recfun.Main$.innerCountChange$1(Main.scala:49)
[error] 	at recfun.Main$.innerCountChange$1(Main.scala:49)
[error] 	at recfun.Main$.innerCountChange$1(Main.scala:49)
[error] 	at recfun.Main$.innerCountChange$1(Main.scala:49)
[error] 	at recfun.Main$.innerCountChange$1(Main.scala:49)
[error] 	at recfun.Main$.innerCountChange$1(Main.scala:49)
[error] 	at recfun.Main$.innerCountChange$1(Main.scala:49)
[error] 	at recfun.Main$.innerCountChange$1(Main.scala:49)
[error] 	at recfun.Main$.innerCountChange$1(Main.scala:49)
[error] 	at recfun.Main$.innerCountChange$1(Main.scala:49)
[error] 	at recfun.Main$.innerCountChange$1(Main.scala:49)
[error] 	at recfun.Main$.innerCountChange$1(Main.scala:49)
[error] 	at recfun.Main$.innerCountChange$1(Main.scala:49)
[error] 	at recfun.Main$.innerCountChange$1(Main.scala:49)
[error] 	at recfun.Main$.innerCountChange$1(Main.scala:49)
[error] 	at recfun.Main$.innerCountChange$1(Main.scala:49)
[error] 	at recfun.Main$.innerCountChange$1(Main.scala:49)
[error] 	at recfun.Main$.innerCountChange$1(Main.scala:49)
[error] 	at recfun.Main$.innerCountChange$1(Main.scala:49)
[error] 	at recfun.Main$.innerCountChange$1(Main.scala:49)
[error] 	at recfun.Main$.innerCountChange$1(Main.scala:49)
[error] 	at recfun.Main$.innerCountChange$1(Main.scala:49)
[error] 	at recfun.Main$.innerCountChange$1(Main.scala:49)
[error] 	at recfun.Main$.innerCountChange$1(Main.scala:49)
[error] 	at recfun.Main$.innerCountChange$1(Main.scala:49)
[error] 	at recfun.Main$.innerCountChange$1(Main.scala:49)
[error] 	at recfun.Main$.innerCountChange$1(Main.scala:49)
[error] 	at recfun.Main$.innerCountChange$1(Main.scala:49)
[error] 	at recfun.Main$.innerCountChange$1(Main.scala:49)
[error] 	at recfun.Main$.innerCountChange$1(Main.scala:49)
[error] 	at recfun.Main$.innerCountChange$1(Main.scala:49)
[error] 	at recfun.Main$.innerCountChange$1(Main.scala:49)
[error] 	at recfun.Main$.innerCountChange$1(Main.scala:49)
[error] 	at recfun.Main$.innerCountChange$1(Main.scala:49)
[error] 	at recfun.Main$.innerCountChange$1(Main.scala:49)
[error] 	at recfun.Main$.innerCountChange$1(Main.scala:49)
[error] 	at recfun.Main$.innerCountChange$1(Main.scala:49)
[error] 	at recfun.Main$.innerCountChange$1(Main.scala:49)
[error] 	at recfun.Main$.innerCountChange$1(Main.scala:49)
[error] 	at recfun.Main$.innerCountChange$1(Main.scala:49)
[error] 	at recfun.Main$.innerCountChange$1(Main.scala:49)
[error] 	at recfun.Main$.innerCountChange$1(Main.scala:49)
[error] 	at recfun.Main$.innerCountChange$1(Main.scala:49)
[error] 	at recfun.Main$.innerCountChange$1(Main.scala:49)
[error] 	at recfun.Main$.innerCountChange$1(Main.scala:49)
[error] 	at recfun.Main$.innerCountChange$1(Main.scala:49)
[error] 	at recfun.Main$.innerCountChange$1(Main.scala:49)
[error] 	at recfun.Main$.innerCountChange$1(Main.scala:49)
[error] 	at recfun.Main$.innerCountChange$1(Main.scala:49)
[error] 	at recfun.Main$.innerCountChange$1(Main.scala:49)
[error] 	at recfun.Main$.innerCountChange$1(Main.scala:49)
[error] 	at recfun.Main$.innerCountChange$1(Main.scala:49)
[error] 	at recfun.Main$.innerCountChange$1(Main.scala:49)
[error] 	at recfun.Main$.innerCountChange$1(Main.scala:49)
[error] 	at recfun.Main$.innerCountChange$1(Main.scala:49)
[error] 	at recfun.Main$.innerCountChange$1(Main.scala:49)
[error] 	at recfun.Main$.innerCountChange$1(Main.scala:49)
[error] 	at recfun.Main$.innerCountChange$1(Main.scala:49)
[error] 	at recfun.Main$.innerCountChange$1(Main.scala:49)
[error] 	at recfun.Main$.innerCountChange$1(Main.scala:49)
[error] 	at recfun.Main$.innerCountChange$1(Main.scala:49)
[error] 	at recfun.Main$.innerCountChange$1(Main.scala:49)
[error] 	at recfun.Main$.innerCountChange$1(Main.scala:49)
[error] 	at recfun.Main$.innerCountChange$1(Main.scala:49)
[error] 	at recfun.Main$.innerCountChange$1(Main.scala:49)
[error] 	at recfun.Main$.innerCountChange$1(Main.scala:49)
[error] 	at recfun.Main$.innerCountChange$1(Main.scala:49)
[error] 	at recfun.Main$.innerCountChange$1(Main.scala:49)
[error] 	at recfun.Main$.innerCountChange$1(Main.scala:49)
[error] 	at recfun.Main$.innerCountChange$1(Main.scala:49)
[error] 	at recfun.Main$.innerCountChange$1(Main.scala:49)
[error] 	at recfun.Main$.innerCountChange$1(Main.scala:49)
[error] 	at recfun.Main$.innerCountChange$1(Main.scala:49)
[error] 	at recfun.Main$.innerCountChange$1(Main.scala:49)
[error] 	at recfun.Main$.innerCountChange$1(Main.scala:49)
[error] 	at recfun.Main$.innerCountChange$1(Main.scala:49)
[error] 	at recfun.Main$.innerCountChange$1(Main.scala:49)
[error] 	at recfun.Main$.innerCountChange$1(Main.scala:49)
[error] 	at recfun.Main$.innerCountChange$1(Main.scala:49)
[error] 	at recfun.Main$.innerCountChange$1(Main.scala:49)
[error] 	at recfun.Main$.innerCountChange$1(Main.scala:49)
[error] 	at recfun.Main$.innerCountChange$1(Main.scala:49)
[error] 	at recfun.Main$.innerCountChange$1(Main.scala:49)
[error] 	at recfun.Main$.innerCountChange$1(Main.scala:49)
[error] 	at recfun.Main$.innerCountChange$1(Main.scala:49)
[error] 	at recfun.Main$.innerCountChange$1(Main.scala:49)
[error] 	at recfun.Main$.innerCountChange$1(Main.scala:49)
[error] 	at recfun.Main$.innerCountChange$1(Main.scala:49)
[error] 	at recfun.Main$.innerCountChange$1(Main.scala:49)
[error] 	at recfun.Main$.innerCountChange$1(Main.scala:49)
[error] 	at recfun.Main$.innerCountChange$1(Main.scala:49)
[error] 	at recfun.Main$.innerCountChange$1(Main.scala:49)
[error] 	at recfun.Main$.innerCountChange$1(Main.scala:49)
[error] 	at recfun.Main$.innerCountChange$1(Main.scala:49)
[error] 	at recfun.Main$.innerCountChange$1(Main.scala:49)
[error] 	at recfun.Main$.innerCountChange$1(Main.scala:49)
[error] 	at recfun.Main$.innerCountChange$1(Main.scala:49)
[error] 	at recfun.Main$.innerCountChange$1(Main.scala:49)
[error] 	at recfun.Main$.innerCountChange$1(Main.scala:49)
[error] 	at recfun.Main$.innerCountChange$1(Main.scala:49)
[error] 	at recfun.Main$.innerCountChange$1(Main.scala:49)
[error] 	at recfun.Main$.innerCountChange$1(Main.scala:49)
[error] 	at recfun.Main$.innerCountChange$1(Main.scala:49)
[error] 	at recfun.Main$.innerCountChange$1(Main.scala:49)
[error] 	at recfun.Main$.innerCountChange$1(Main.scala:49)
[error] 	at recfun.Main$.innerCountChange$1(Main.scala:49)
[error] 	at recfun.Main$.innerCountChange$1(Main.scala:49)
[error] 	at recfun.Main$.innerCountChange$1(Main.scala:49)
[error] 	at recfun.Main$.innerCountChange$1(Main.scala:49)
[error] 	at recfun.Main$.innerCountChange$1(Main.scala:49)
[error] 	at recfun.Main$.innerCountChange$1(Main.scala:49)
[error] 	at recfun.Main$.innerCountChange$1(Main.scala:49)
[error] 	at recfun.Main$.innerCountChange$1(Main.scala:49)
[error] 	at recfun.Main$.innerCountChange$1(Main.scala:49)
[error] 	at recfun.Main$.innerCountChange$1(Main.scala:49)
[error] 	at recfun.Main$.innerCountChange$1(Main.scala:49)
[error] 	at recfun.Main$.innerCountChange$1(Main.scala:49)
[error] 	at recfun.Main$.innerCountChange$1(Main.scala:49)
[error] 	at recfun.Main$.innerCountChange$1(Main.scala:49)
[error] 	at recfun.Main$.innerCountChange$1(Main.scala:49)
[error] 	at recfun.Main$.innerCountChange$1(Main.scala:49)
[error] 	at recfun.Main$.innerCountChange$1(Main.scala:49)
[error] 	at recfun.Main$.innerCountChange$1(Main.scala:49)
[error] 	at recfun.Main$.innerCountChange$1(Main.scala:49)
[error] 	at recfun.Main$.innerCountChange$1(Main.scala:49)
[error] 	at recfun.Main$.innerCountChange$1(Main.scala:49)
[error] 	at recfun.Main$.innerCountChange$1(Main.scala:49)
[error] 	at recfun.Main$.innerCountChange$1(Main.scala:49)
[error] 	at recfun.Main$.innerCountChange$1(Main.scala:49)
[error] 	at recfun.Main$.innerCountChange$1(Main.scala:49)
[error] 	at recfun.Main$.innerCountChange$1(Main.scala:49)
[error] 	at recfun.Main$.innerCountChange$1(Main.scala:49)
[error] 	at recfun.Main$.innerCountChange$1(Main.scala:49)
[error] 	at recfun.Main$.innerCountChange$1(Main.scala:49)
[error] 	at recfun.Main$.innerCountChange$1(Main.scala:49)
[error] 	at recfun.Main$.innerCountChange$1(Main.scala:49)
[error] 	at recfun.Main$.innerCountChange$1(Main.scala:49)
[error] 	at recfun.Main$.innerCountChange$1(Main.scala:49)
[error] 	at recfun.Main$.innerCountChange$1(Main.scala:49)
[error] 	at recfun.Main$.innerCountChange$1(Main.scala:49)
[error] 	at recfun.Main$.innerCountChange$1(Main.scala:49)
[error] 	at recfun.Main$.innerCountChange$1(Main.scala:49)
[error] 	at recfun.Main$.innerCountChange$1(Main.scala:49)
[error] 	at recfun.Main$.innerCountChange$1(Main.scala:49)
[error] 	at recfun.Main$.innerCountChange$1(Main.scala:49)
[error] 	at recfun.Main$.innerCountChange$1(Main.scala:49)
[error] 	at recfun.Main$.innerCountChange$1(Main.scala:49)
[error] 	at recfun.Main$.innerCountChange$1(Main.scala:49)
[error] 	at recfun.Main$.innerCountChange$1(Main.scala:49)
[error] 	at recfun.Main$.innerCountChange$1(Main.scala:49)
[error] 	at recfun.Main$.innerCountChange$1(Main.scala:49)
[error] 	at recfun.Main$.innerCountChange$1(Main.scala:49)
[error] 	at recfun.Main$.innerCountChange$1(Main.scala:49)
[error] 	at recfun.Main$.innerCountChange$1(Main.scala:49)
[error] 	at recfun.Main$.innerCountChange$1(Main.scala:49)
[error] 	at recfun.Main$.innerCountChange$1(Main.scala:49)
[error] 	at recfun.Main$.innerCountChange$1(Main.scala:49)
[error] 	at recfun.Main$.innerCountChange$1(Main.scala:49)
[error] 	at recfun.Main$.innerCountChange$1(Main.scala:49)
[error] 	at recfun.Main$.innerCountChange$1(Main.scala:49)
[error] 	at recfun.Main$.innerCountChange$1(Main.scala:49)
[error] 	at recfun.Main$.innerCountChange$1(Main.scala:49)
[error] 	at recfun.Main$.innerCountChange$1(Main.scala:49)
[error] 	at recfun.Main$.innerCountChange$1(Main.scala:49)
[error] 	at recfun.Main$.innerCountChange$1(Main.scala:49)
[error] 	at recfun.Main$.innerCountChange$1(Main.scala:49)
[error] 	at recfun.Main$.innerCountChange$1(Main.scala:49)
[error] 	at recfun.Main$.innerCountChange$1(Main.scala:49)
[error] 	at recfun.Main$.innerCountChange$1(Main.scala:49)
[error] 	at recfun.Main$.innerCountChange$1(Main.scala:49)
[error] 	at recfun.Main$.innerCountChange$1(Main.scala:49)
[error] 	at recfun.Main$.innerCountChange$1(Main.scala:49)
[error] 	at recfun.Main$.innerCountChange$1(Main.scala:49)
[error] 	at recfun.Main$.innerCountChange$1(Main.scala:49)
[error] 	at recfun.Main$.innerCountChange$1(Main.scala:49)
[error] 	at recfun.Main$.innerCountChange$1(Main.scala:49)
[error] 	at recfun.Main$.innerCountChange$1(Main.scala:49)
[error] 	at recfun.Main$.innerCountChange$1(Main.scala:49)
[error] 	at recfun.Main$.innerCountChange$1(Main.scala:49)
[error] 	at recfun.Main$.innerCountChange$1(Main.scala:49)
[error] 	at recfun.Main$.innerCountChange$1(Main.scala:49)
[error] 	at recfun.Main$.innerCountChange$1(Main.scala:49)
[error] 	at recfun.Main$.innerCountChange$1(Main.scala:49)
[error] 	at recfun.Main$.innerCountChange$1(Main.scala:49)
[error] 	at recfun.Main$.innerCountChange$1(Main.scala:49)
[error] 	at recfun.Main$.innerCountChange$1(Main.scala:49)
[error] 	at recfun.Main$.innerCountChange$1(Main.scala:49)
[error] 	at recfun.Main$.innerCountChange$1(Main.scala:49)
[error] 	at recfun.Main$.innerCountChange$1(Main.scala:49)
[error] 	at recfun.Main$.innerCountChange$1(Main.scala:49)
[error] 	at recfun.Main$.innerCountChange$1(Main.scala:49)
[error] 	at recfun.Main$.innerCountChange$1(Main.scala:49)
[error] 	at recfun.Main$.innerCountChange$1(Main.scala:49)
[error] 	at recfun.Main$.innerCountChange$1(Main.scala:49)
[error] 	at recfun.Main$.innerCountChange$1(Main.scala:49)
[error] 	at recfun.Main$.innerCountChange$1(Main.scala:49)
[error] 	at recfun.Main$.innerCountChange$1(Main.scala:49)
[error] 	at recfun.Main$.innerCountChange$1(Main.scala:49)
[error] 	at recfun.Main$.innerCountChange$1(Main.scala:49)
[error] 	at recfun.Main$.innerCountChange$1(Main.scala:49)
[error] 	at recfun.Main$.innerCountChange$1(Main.scala:49)
[error] 	at recfun.Main$.innerCountChange$1(Main.scala:49)
[error] 	at recfun.Main$.innerCountChange$1(Main.scala:49)
[error] 	at recfun.Main$.innerCountChange$1(Main.scala:49)
[error] 	at recfun.Main$.innerCountChange$1(Main.scala:49)
[error] 	at recfun.Main$.innerCountChange$1(Main.scala:49)
[error] 	at recfun.Main$.innerCountChange$1(Main.scala:49)
[error] 	at recfun.Main$.innerCountChange$1(Main.scala:49)
[error] 	at recfun.Main$.innerCountChange$1(Main.scala:49)
[error] 	at recfun.Main$.innerCountChange$1(Main.scala:49)
[error] 	at recfun.Main$.innerCountChange$1(Main.scala:49)
[error] 	at recfun.Main$.innerCountChange$1(Main.scala:49)
[error] 	at recfun.Main$.innerCountChange$1(Main.scala:49)
[error] 	at recfun.Main$.innerCountChange$1(Main.scala:49)
[error] 	at recfun.Main$.innerCountChange$1(Main.scala:49)
[error] 	at recfun.Main$.innerCountChange$1(Main.scala:49)
[error] 	at recfun.Main$.innerCountChange$1(Main.scala:49)
[error] 	at recfun.Main$.innerCountChange$1(Main.scala:49)
[error] 	at recfun.Main$.innerCountChange$1(Main.scala:49)
[error] 	at recfun.Main$.innerCountChange$1(Main.scala:49)
[error] 	at recfun.Main$.innerCountChange$1(Main.scala:49)
[error] 	at recfun.Main$.innerCountChange$1(Main.scala:49)
[error] 	at recfun.Main$.innerCountChange$1(Main.scala:49)
[error] 	at recfun.Main$.innerCountChange$1(Main.scala:49)
[error] 	at recfun.Main$.innerCountChange$1(Main.scala:49)
[error] 	at recfun.Main$.innerCountChange$1(Main.scala:49)
[error] 	at recfun.Main$.innerCountChange$1(Main.scala:49)
[error] 	at recfun.Main$.innerCountChange$1(Main.scala:49)
[error] 	at recfun.Main$.innerCountChange$1(Main.scala:49)
[error] 	at recfun.Main$.innerCountChange$1(Main.scala:49)
[error] 	at recfun.Main$.innerCountChange$1(Main.scala:49)
[error] 	at recfun.Main$.innerCountChange$1(Main.scala:49)
[error] 	at recfun.Main$.innerCountChange$1(Main.scala:49)
[error] 	at recfun.Main$.innerCountChange$1(Main.scala:49)
[error] 	at recfun.Main$.innerCountChange$1(Main.scala:49)
[error] 	at recfun.Main$.innerCountChange$1(Main.scala:49)
[error] 	at recfun.Main$.innerCountChange$1(Main.scala:49)
[error] 	at recfun.Main$.innerCountChange$1(Main.scala:49)
[error] 	at recfun.Main$.innerCountChange$1(Main.scala:49)
[error] 	at recfun.Main$.innerCountChange$1(Main.scala:49)
[error] 	at recfun.Main$.innerCountChange$1(Main.scala:49)
[error] 	at recfun.Main$.innerCountChange$1(Main.scala:49)
[error] 	at recfun.Main$.innerCountChange$1(Main.scala:49)
[error] 	at recfun.Main$.innerCountChange$1(Main.scala:49)
[error] 	at recfun.Main$.innerCountChange$1(Main.scala:49)
[error] 	at recfun.Main$.innerCountChange$1(Main.scala:49)
[error] 	at recfun.Main$.innerCountChange$1(Main.scala:49)
[error] 	at recfun.Main$.innerCountChange$1(Main.scala:49)
[error] 	at recfun.Main$.innerCountChange$1(Main.scala:49)
[error] 	at recfun.Main$.innerCountChange$1(Main.scala:49)
[error] 	at recfun.Main$.innerCountChange$1(Main.scala:49)
[error] 	at recfun.Main$.innerCountChange$1(Main.scala:49)
[error] 	at recfun.Main$.innerCountChange$1(Main.scala:49)
[error] 	at recfun.Main$.innerCountChange$1(Main.scala:49)
[error] 	at recfun.Main$.innerCountChange$1(Main.scala:49)
[error] 	at recfun.Main$.innerCountChange$1(Main.scala:49)
[error] 	at recfun.Main$.innerCountChange$1(Main.scala:49)
[error] 	at recfun.Main$.innerCountChange$1(Main.scala:49)
[error] 	at recfun.Main$.innerCountChange$1(Main.scala:49)
[error] 	at recfun.Main$.innerCountChange$1(Main.scala:49)
[error] 	at recfun.Main$.innerCountChange$1(Main.scala:49)
[error] 	at recfun.Main$.innerCountChange$1(Main.scala:49)
[error] 	at recfun.Main$.innerCountChange$1(Main.scala:49)
[error] 	at recfun.Main$.innerCountChange$1(Main.scala:49)
[error] 	at recfun.Main$.innerCountChange$1(Main.scala:49)
[error] 	at recfun.Main$.innerCountChange$1(Main.scala:49)
[error] 	at recfun.Main$.innerCountChange$1(Main.scala:49)
[error] 	at recfun.Main$.innerCountChange$1(Main.scala:49)
[error] 	at recfun.Main$.innerCountChange$1(Main.scala:49)
[error] 	at recfun.Main$.innerCountChange$1(Main.scala:49)
[error] 	at recfun.Main$.innerCountChange$1(Main.scala:49)
[error] 	at recfun.Main$.innerCountChange$1(Main.scala:49)
[error] 	at recfun.Main$.innerCountChange$1(Main.scala:49)
[error] 	at recfun.Main$.innerCountChange$1(Main.scala:49)
[error] 	at recfun.Main$.innerCountChange$1(Main.scala:49)
[error] 	at recfun.Main$.innerCountChange$1(Main.scala:49)
[error] 	at recfun.Main$.innerCountChange$1(Main.scala:49)
[error] 	at recfun.Main$.innerCountChange$1(Main.scala:49)
[error] 	at recfun.Main$.innerCountChange$1(Main.scala:49)
[error] 	at recfun.Main$.innerCountChange$1(Main.scala:49)
[error] 	at recfun.Main$.innerCountChange$1(Main.scala:49)
[error] 	at recfun.Main$.innerCountChange$1(Main.scala:49)
[error] 	at recfun.Main$.innerCountChange$1(Main.scala:49)
[error] 	at recfun.Main$.innerCountChange$1(Main.scala:49)
[error] 	at recfun.Main$.innerCountChange$1(Main.scala:49)
[error] 	at recfun.Main$.innerCountChange$1(Main.scala:49)
[error] 	at recfun.Main$.innerCountChange$1(Main.scala:49)
[error] 	at recfun.Main$.innerCountChange$1(Main.scala:49)
[error] 	at recfun.Main$.innerCountChange$1(Main.scala:49)
[error] 	at recfun.Main$.innerCountChange$1(Main.scala:49)
[error] 	at recfun.Main$.innerCountChange$1(Main.scala:49)
[error] 	at recfun.Main$.innerCountChange$1(Main.scala:49)
[error] 	at recfun.Main$.innerCountChange$1(Main.scala:49)
[error] 	at recfun.Main$.innerCountChange$1(Main.scala:49)
[error] 	at recfun.Main$.innerCountChange$1(Main.scala:49)
[error] 	at recfun.Main$.innerCountChange$1(Main.scala:49)
[error] 	at recfun.Main$.innerCountChange$1(Main.scala:49)
[error] 	at recfun.Main$.innerCountChange$1(Main.scala:49)
[error] 	at recfun.Main$.innerCountChange$1(Main.scala:49)
[error] 	at recfun.Main$.innerCountChange$1(Main.scala:49)
[error] 	at recfun.Main$.innerCountChange$1(Main.scala:49)
[error] 	at recfun.Main$.innerCountChange$1(Main.scala:49)
[error] 	at recfun.Main$.innerCountChange$1(Main.scala:49)
[error] 	at recfun.Main$.innerCountChange$1(Main.scala:49)
[error] 	at recfun.Main$.innerCountChange$1(Main.scala:49)
[error] 	at recfun.Main$.innerCountChange$1(Main.scala:49)
[error] 	at recfun.Main$.innerCountChange$1(Main.scala:49)
[error] 	at recfun.Main$.innerCountChange$1(Main.scala:49)
[error] 	at recfun.Main$.innerCountChange$1(Main.scala:49)
[error] 	at recfun.Main$.innerCountChange$1(Main.scala:49)
[error] 	at recfun.Main$.innerCountChange$1(Main.scala:49)
[error] 	at recfun.Main$.innerCountChange$1(Main.scala:49)
[error] 	at recfun.Main$.innerCountChange$1(Main.scala:49)
[error] 	at recfun.Main$.innerCountChange$1(Main.scala:49)
[error] 	at recfun.Main$.innerCountChange$1(Main.scala:49)
[error] 	at recfun.Main$.innerCountChange$1(Main.scala:49)
[error] 	at recfun.Main$.innerCountChange$1(Main.scala:49)
[error] 	at recfun.Main$.innerCountChange$1(Main.scala:49)
[error] 	at recfun.Main$.innerCountChange$1(Main.scala:49)
[error] 	at recfun.Main$.innerCountChange$1(Main.scala:49)
[error] 	at recfun.Main$.innerCountChange$1(Main.scala:49)
[error] 	at recfun.Main$.innerCountChange$1(Main.scala:49)
[error] 	at recfun.Main$.innerCountChange$1(Main.scala:49)
[error] 	at recfun.Main$.innerCountChange$1(Main.scala:49)
[error] 	at recfun.Main$.innerCountChange$1(Main.scala:49)
[error] 	at recfun.Main$.innerCountChange$1(Main.scala:49)
[error] 	at recfun.Main$.innerCountChange$1(Main.scala:49)
[error] 	at recfun.Main$.innerCountChange$1(Main.scala:49)
[error] 	at recfun.Main$.innerCountChange$1(Main.scala:49)
[error] 	at recfun.Main$.innerCountChange$1(Main.scala:49)
[error] 	at recfun.Main$.innerCountChange$1(Main.scala:49)
[error] 	at recfun.Main$.innerCountChange$1(Main.scala:49)
[error] 	at recfun.Main$.innerCountChange$1(Main.scala:49)
[error] 	at recfun.Main$.innerCountChange$1(Main.scala:49)
[error] 	at recfun.Main$.innerCountChange$1(Main.scala:49)
[error] 	at recfun.Main$.innerCountChange$1(Main.scala:49)
[error] 	at recfun.Main$.innerCountChange$1(Main.scala:49)
[error] 	at recfun.Main$.innerCountChange$1(Main.scala:49)
[error] 	at recfun.Main$.innerCountChange$1(Main.scala:49)
[error] 	at recfun.Main$.innerCountChange$1(Main.scala:49)
[error] 	at recfun.Main$.innerCountChange$1(Main.scala:49)
[error] 	at recfun.Main$.innerCountChange$1(Main.scala:49)
[error] 	at recfun.Main$.innerCountChange$1(Main.scala:49)
[error] 	at recfun.Main$.innerCountChange$1(Main.scala:49)
[error] 	at recfun.Main$.innerCountChange$1(Main.scala:49)
[error] 	at recfun.Main$.innerCountChange$1(Main.scala:49)
[error] 	at recfun.Main$.innerCountChange$1(Main.scala:49)
[error] 	at recfun.Main$.innerCountChange$1(Main.scala:49)
[error] 	at recfun.Main$.innerCountChange$1(Main.scala:49)
[error] 	at recfun.Main$.innerCountChange$1(Main.scala:49)
[error] 	at recfun.Main$.innerCountChange$1(Main.scala:49)
[error] 	at recfun.Main$.innerCountChange$1(Main.scala:49)
[error] 	at recfun.Main$.innerCountChange$1(Main.scala:49)
[error] 	at recfun.Main$.innerCountChange$1(Main.scala:49)
[error] 	at recfun.Main$.innerCountChange$1(Main.scala:49)
[error] 	at recfun.Main$.innerCountChange$1(Main.scala:49)
[error] 	at recfun.Main$.innerCountChange$1(Main.scala:49)
[error] 	at recfun.Main$.innerCountChange$1(Main.scala:49)
[error] 	at recfun.Main$.innerCountChange$1(Main.scala:49)
[error] 	at recfun.Main$.innerCountChange$1(Main.scala:49)
[error] 	at recfun.Main$.innerCountChange$1(Main.scala:49)
[error] 	at recfun.Main$.innerCountChange$1(Main.scala:49)
[error] 	at recfun.Main$.innerCountChange$1(Main.scala:49)
[error] 	at recfun.Main$.innerCountChange$1(Main.scala:49)
[error] 	at recfun.Main$.innerCountChange$1(Main.scala:49)
[error] 	at recfun.Main$.innerCountChange$1(Main.scala:49)
[error] 	at recfun.Main$.innerCountChange$1(Main.scala:49)
[error] 	at recfun.Main$.innerCountChange$1(Main.scala:49)
[error] 	at recfun.Main$.innerCountChange$1(Main.scala:49)
[error] 	at recfun.Main$.innerCountChange$1(Main.scala:49)
[error] 	at recfun.Main$.innerCountChange$1(Main.scala:49)
[error] 	at recfun.Main$.innerCountChange$1(Main.scala:49)
[error] 	at recfun.Main$.innerCountChange$1(Main.scala:49)
[error] 	at recfun.Main$.innerCountChange$1(Main.scala:49)
[error] 	at recfun.Main$.innerCountChange$1(Main.scala:49)
[error] 	at recfun.Main$.innerCountChange$1(Main.scala:49)
[error] 	at recfun.Main$.innerCountChange$1(Main.scala:49)
[error] 	at recfun.Main$.innerCountChange$1(Main.scala:49)
[error] 	at recfun.Main$.innerCountChange$1(Main.scala:49)
[error] 	at recfun.Main$.innerCountChange$1(Main.scala:49)
[error] 	at recfun.Main$.innerCountChange$1(Main.scala:49)
[error] 	at recfun.Main$.innerCountChange$1(Main.scala:49)
[error] 	at recfun.Main$.innerCountChange$1(Main.scala:49)
[error] 	at recfun.Main$.innerCountChange$1(Main.scala:49)
[error] 	at recfun.Main$.innerCountChange$1(Main.scala:49)
[error] 	at recfun.Main$.innerCountChange$1(Main.scala:49)
[error] 	at recfun.Main$.innerCountChange$1(Main.scala:49)
[error] 	at recfun.Main$.innerCountChange$1(Main.scala:49)
[error] 	at recfun.Main$.innerCountChange$1(Main.scala:49)
[error] 	at recfun.Main$.innerCountChange$1(Main.scala:49)
[error] 	at recfun.Main$.innerCountChange$1(Main.scala:49)
[error] 	at recfun.Main$.innerCountChange$1(Main.scala:49)
[error] 	at recfun.Main$.innerCountChange$1(Main.scala:49)
[error] 	at recfun.Main$.innerCountChange$1(Main.scala:49)
[error] 	at recfun.Main$.innerCountChange$1(Main.scala:49)
[error] 	at recfun.Main$.innerCountChange$1(Main.scala:49)
[error] 	at recfun.Main$.innerCountChange$1(Main.scala:49)
[error] 	at recfun.Main$.innerCountChange$1(Main.scala:49)
[error] 	at recfun.Main$.innerCountChange$1(Main.scala:49)
[error] 	at recfun.Main$.innerCountChange$1(Main.scala:49)
[error] 	at recfun.Main$.innerCountChange$1(Main.scala:49)
[error] 	at recfun.Main$.innerCountChange$1(Main.scala:49)
[error] 	at recfun.Main$.innerCountChange$1(Main.scala:49)
[error] 	at recfun.Main$.innerCountChange$1(Main.scala:49)
[error] 	at recfun.Main$.innerCountChange$1(Main.scala:49)
[error] 	at recfun.Main$.innerCountChange$1(Main.scala:49)
[error] 	at recfun.Main$.innerCountChange$1(Main.scala:49)
[error] 	at recfun.Main$.innerCountChange$1(Main.scala:49)
[error] 	at recfun.Main$.innerCountChange$1(Main.scala:49)
[error] 	at recfun.Main$.innerCountChange$1(Main.scala:49)
[error] 	at recfun.Main$.innerCountChange$1(Main.scala:49)
[error] 	at recfun.Main$.innerCountChange$1(Main.scala:49)
[error] 	at recfun.Main$.innerCountChange$1(Main.scala:49)
[error] 	at recfun.Main$.innerCountChange$1(Main.scala:49)
[error] 	at recfun.Main$.innerCountChange$1(Main.scala:49)
[error] 	at recfun.Main$.innerCountChange$1(Main.scala:49)
[error] 	at recfun.Main$.innerCountChange$1(Main.scala:49)
[error] 	at recfun.Main$.innerCountChange$1(Main.scala:49)
[error] 	at recfun.Main$.innerCountChange$1(Main.scala:49)
[error] 	at recfun.Main$.innerCountChange$1(Main.scala:49)
[error] 	at recfun.Main$.innerCountChange$1(Main.scala:49)
[error] 	at recfun.Main$.innerCountChange$1(Main.scala:49)
[error] 	at recfun.Main$.innerCountChange$1(Main.scala:49)
[error] 	at recfun.Main$.innerCountChange$1(Main.scala:49)
[error] 	at recfun.Main$.innerCountChange$1(Main.scala:49)
[error] 	at recfun.Main$.innerCountChange$1(Main.scala:49)
[error] 	at recfun.Main$.innerCountChange$1(Main.scala:49)
[error] 	at recfun.Main$.innerCountChange$1(Main.scala:49)
[error] 	at recfun.Main$.innerCountChange$1(Main.scala:49)
[error] 	at recfun.Main$.innerCountChange$1(Main.scala:49)
[error] 	at recfun.Main$.innerCountChange$1(Main.scala:49)
[error] 	at recfun.Main$.innerCountChange$1(Main.scala:49)
[error] 	at recfun.Main$.innerCountChange$1(Main.scala:49)
[error] 	at recfun.Main$.innerCountChange$1(Main.scala:49)
[error] 	at recfun.Main$.innerCountChange$1(Main.scala:49)
[error] 	at recfun.Main$.innerCountChange$1(Main.scala:49)
[error] 	at recfun.Main$.innerCountChange$1(Main.scala:49)
[error] 	at recfun.Main$.innerCountChange$1(Main.scala:49)
[error] 	at recfun.Main$.innerCountChange$1(Main.scala:49)
[error] 	at recfun.Main$.innerCountChange$1(Main.scala:49)
[error] 	at recfun.Main$.innerCountChange$1(Main.scala:49)
[error] 	at recfun.Main$.innerCountChange$1(Main.scala:49)
[error] 	at recfun.Main$.innerCountChange$1(Main.scala:49)
[error] 	at recfun.Main$.innerCountChange$1(Main.scala:49)
[error] 	at recfun.Main$.innerCountChange$1(Main.scala:49)
[error] 	at recfun.Main$.innerCountChange$1(Main.scala:49)
[error] 	at recfun.Main$.innerCountChange$1(Main.scala:49)
[error] 	at recfun.Main$.innerCountChange$1(Main.scala:49)
[error] 	at recfun.Main$.innerCountChange$1(Main.scala:49)
[error] 	at recfun.Main$.innerCountChange$1(Main.scala:49)
[error] 	at recfun.Main$.innerCountChange$1(Main.scala:49)
[error] 	at recfun.Main$.innerCountChange$1(Main.scala:49)
[error] 	at recfun.Main$.innerCountChange$1(Main.scala:49)
[error] 	at recfun.Main$.innerCountChange$1(Main.scala:49)
[error] 	at recfun.Main$.innerCountChange$1(Main.scala:49)
[error] 	at recfun.Main$.innerCountChange$1(Main.scala:49)
[error] 	at recfun.Main$.innerCountChange$1(Main.scala:49)
[error] 	at recfun.Main$.innerCountChange$1(Main.scala:49)
[error] 	at recfun.Main$.innerCountChange$1(Main.scala:49)
[error] 	at recfun.Main$.innerCountChange$1(Main.scala:49)
[error] 	at recfun.Main$.innerCountChange$1(Main.scala:49)
[error] 	at recfun.Main$.innerCountChange$1(Main.scala:49)
[error] 	at recfun.Main$.innerCountChange$1(Main.scala:49)
[error] 	at recfun.Main$.innerCountChange$1(Main.scala:49)
[error] 	at recfun.Main$.innerCountChange$1(Main.scala:49)
[error] 	at recfun.Main$.innerCountChange$1(Main.scala:49)
[error] 	at recfun.Main$.innerCountChange$1(Main.scala:49)
[error] 	at recfun.Main$.innerCountChange$1(Main.scala:49)
[error] 	at recfun.Main$.innerCountChange$1(Main.scala:49)
[error] 	at recfun.Main$.innerCountChange$1(Main.scala:49)
[error] 	at recfun.Main$.innerCountChange$1(Main.scala:49)
[error] 	at recfun.Main$.innerCountChange$1(Main.scala:49)
[error] 	at recfun.Main$.innerCountChange$1(Main.scala:49)
[error] 	at recfun.Main$.innerCountChange$1(Main.scala:49)
[error] 	at recfun.Main$.innerCountChange$1(Main.scala:49)
[error] 	at recfun.Main$.innerCountChange$1(Main.scala:49)
[error] 	at recfun.Main$.innerCountChange$1(Main.scala:49)
[error] 	at recfun.Main$.innerCountChange$1(Main.scala:49)
[error] 	at recfun.Main$.innerCountChange$1(Main.scala:49)
[error] 	at recfun.Main$.innerCountChange$1(Main.scala:49)
[error] 	at recfun.Main$.innerCountChange$1(Main.scala:49)
[error] 	at recfun.Main$.innerCountChange$1(Main.scala:49)
[error] 	at recfun.Main$.innerCountChange$1(Main.scala:49)
[error] 	at recfun.Main$.innerCountChange$1(Main.scala:49)
[error] 	at recfun.Main$.innerCountChange$1(Main.scala:49)
[error] 	at recfun.Main$.innerCountChange$1(Main.scala:49)
[error] 	at recfun.Main$.innerCountChange$1(Main.scala:49)
[error] 	at recfun.Main$.innerCountChange$1(Main.scala:49)
[error] 	at recfun.Main$.innerCountChange$1(Main.scala:49)
[error] 	at recfun.Main$.innerCountChange$1(Main.scala:49)
[error] 	at recfun.Main$.innerCountChange$1(Main.scala:49)
[error] 	at recfun.Main$.innerCountChange$1(Main.scala:49)
[error] 	at recfun.Main$.innerCountChange$1(Main.scala:49)
[error] 	at recfun.Main$.innerCountChange$1(Main.scala:49)
[error] 	at recfun.Main$.innerCountChange$1(Main.scala:49)
[error] 	at recfun.Main$.innerCountChange$1(Main.scala:49)
[error] 	at recfun.Main$.innerCountChange$1(Main.scala:49)
[error] 	at recfun.Main$.innerCountChange$1(Main.scala:49)
[error] 	at recfun.Main$.innerCountChange$1(Main.scala:49)
[error] 	at recfun.Main$.innerCountChange$1(Main.scala:49)
[error] 	at recfun.Main$.innerCountChange$1(Main.scala:49)
[error] 	at recfun.Main$.innerCountChange$1(Main.scala:49)
[error] 	at recfun.Main$.innerCountChange$1(Main.scala:49)
[error] 	at recfun.Main$.innerCountChange$1(Main.scala:49)
[error] 	at recfun.Main$.innerCountChange$1(Main.scala:49)
[error] 	at recfun.Main$.innerCountChange$1(Main.scala:49)
[error] 	at recfun.Main$.innerCountChange$1(Main.scala:49)
[error] 	at recfun.Main$.innerCountChange$1(Main.scala:49)
[error] 	at recfun.Main$.innerCountChange$1(Main.scala:49)
[error] 	at recfun.Main$.innerCountChange$1(Main.scala:49)
[error] 	at recfun.Main$.innerCountChange$1(Main.scala:49)
[error] 	at recfun.Main$.innerCountChange$1(Main.scala:49)
[error] 	at recfun.Main$.innerCountChange$1(Main.scala:49)
[error] 	at recfun.Main$.innerCountChange$1(Main.scala:49)
[error] 	at recfun.Main$.innerCountChange$1(Main.scala:49)
[error] 	at recfun.Main$.innerCountChange$1(Main.scala:49)
[error] 	at recfun.Main$.innerCountChange$1(Main.scala:49)
[error] 	at recfun.Main$.innerCountChange$1(Main.scala:49)
[error] 	at recfun.Main$.innerCountChange$1(Main.scala:49)
[error] 	at recfun.Main$.innerCountChange$1(Main.scala:49)
[error] 	at recfun.Main$.innerCountChange$1(Main.scala:49)
[error] 	at recfun.Main$.innerCountChange$1(Main.scala:49)
[error] 	at recfun.Main$.innerCountChange$1(Main.scala:49)
[error] 	at recfun.Main$.innerCountChange$1(Main.scala:49)
[error] 	at recfun.Main$.innerCountChange$1(Main.scala:49)
[error] 	at recfun.Main$.innerCountChange$1(Main.scala:49)
[error] 	at recfun.Main$.innerCountChange$1(Main.scala:49)
[error] 	at recfun.Main$.innerCountChange$1(Main.scala:49)
[error] 	at recfun.Main$.innerCountChange$1(Main.scala:49)
[error] 	at recfun.Main$.innerCountChange$1(Main.scala:49)
[error] 	at recfun.Main$.innerCountChange$1(Main.scala:49)
[error] 	at recfun.Main$.innerCountChange$1(Main.scala:49)
[error] 	at recfun.Main$.innerCountChange$1(Main.scala:49)
[error] 	at recfun.Main$.innerCountChange$1(Main.scala:49)
[error] 	at recfun.Main$.innerCountChange$1(Main.scala:49)
[error] 	at recfun.Main$.innerCountChange$1(Main.scala:49)
[error] 	at recfun.Main$.innerCountChange$1(Main.scala:49)
[error] 	at recfun.Main$.innerCountChange$1(Main.scala:49)
[error] 	at recfun.Main$.innerCountChange$1(Main.scala:49)
[error] 	at recfun.Main$.innerCountChange$1(Main.scala:49)
[error] 	at recfun.Main$.innerCountChange$1(Main.scala:49)
[error] 	at recfun.Main$.innerCountChange$1(Main.scala:49)
[error] 	at recfun.Main$.innerCountChange$1(Main.scala:49)
[error] 	at recfun.Main$.innerCountChange$1(Main.scala:49)
[error] 	at recfun.Main$.innerCountChange$1(Main.scala:49)
[error] 	at recfun.Main$.innerCountChange$1(Main.scala:49)
[error] 	at recfun.Main$.innerCountChange$1(Main.scala:49)
[error] 	at recfun.Main$.innerCountChange$1(Main.scala:49)
[error] 	at recfun.Main$.innerCountChange$1(Main.scala:49)
[error] 	at recfun.Main$.innerCountChange$1(Main.scala:49)
[error] 	at recfun.Main$.innerCountChange$1(Main.scala:49)
[error] 	at recfun.Main$.innerCountChange$1(Main.scala:49)
[error] 	at recfun.Main$.innerCountChange$1(Main.scala:49)
[error] 	at recfun.Main$.innerCountChange$1(Main.scala:49)
[error] 	at recfun.Main$.innerCountChange$1(Main.scala:49)
[error] 	at recfun.Main$.innerCountChange$1(Main.scala:49)
[error] 	at recfun.Main$.innerCountChange$1(Main.scala:49)
[error] 	at recfun.Main$.innerCountChange$1(Main.scala:49)
[error] 	at recfun.Main$.innerCountChange$1(Main.scala:49)
[error] 	at recfun.Main$.innerCountChange$1(Main.scala:49)
[error] 	at recfun.Main$.innerCountChange$1(Main.scala:49)
[error] 	at recfun.Main$.innerCountChange$1(Main.scala:49)
[error] 	at recfun.Main$.innerCountChange$1(Main.scala:49)
[error] 	at recfun.Main$.innerCountChange$1(Main.scala:49)
[error] 	at recfun.Main$.innerCountChange$1(Main.scala:49)
[error] 	at recfun.Main$.innerCountChange$1(Main.scala:49)
[error] 	at recfun.Main$.innerCountChange$1(Main.scala:49)
[error] 	at recfun.Main$.innerCountChange$1(Main.scala:49)
[error] 	at recfun.Main$.innerCountChange$1(Main.scala:49)
[error] 	at recfun.Main$.innerCountChange$1(Main.scala:49)
[error] 	at recfun.Main$.innerCountChange$1(Main.scala:49)
[error] 	at recfun.Main$.innerCountChange$1(Main.scala:49)
[error] 	at recfun.Main$.innerCountChange$1(Main.scala:49)
[error] 	at recfun.Main$.innerCountChange$1(Main.scala:49)
[error] 	at recfun.Main$.innerCountChange$1(Main.scala:49)
[error] 	at recfun.Main$.innerCountChange$1(Main.scala:49)
[error] 	at recfun.Main$.innerCountChange$1(Main.scala:49)
[error] 	at recfun.Main$.innerCountChange$1(Main.scala:49)
[error] 	at recfun.Main$.innerCountChange$1(Main.scala:49)
[error] 	at recfun.Main$.innerCountChange$1(Main.scala:49)
[error] 	at recfun.Main$.innerCountChange$1(Main.scala:49)
[error] 	at recfun.Main$.innerCountChange$1(Main.scala:49)
[error] 	at recfun.Main$.innerCountChange$1(Main.scala:49)
[error] 	at recfun.Main$.innerCountChange$1(Main.scala:49)
[error] 	at recfun.Main$.innerCountChange$1(Main.scala:49)
[error] 	at recfun.Main$.innerCountChange$1(Main.scala:49)
[error] 	at recfun.Main$.innerCountChange$1(Main.scala:49)
[error] 	at recfun.Main$.innerCountChange$1(Main.scala:49)
[error] 	at recfun.Main$.innerCountChange$1(Main.scala:49)
[error] 	at recfun.Main$.innerCountChange$1(Main.scala:49)
[error] 	at recfun.Main$.innerCountChange$1(Main.scala:49)
[error] 	at recfun.Main$.innerCountChange$1(Main.scala:49)
[error] 	at recfun.Main$.innerCountChange$1(Main.scala:49)
[error] 	at recfun.Main$.innerCountChange$1(Main.scala:49)
[error] 	at recfun.Main$.innerCountChange$1(Main.scala:49)
[error] 	at recfun.Main$.innerCountChange$1(Main.scala:49)
[error] 	at recfun.Main$.innerCountChange$1(Main.scala:49)
[error] 	at recfun.Main$.innerCountChange$1(Main.scala:49)
[error] 	at recfun.Main$.innerCountChange$1(Main.scala:49)
[error] 	at recfun.Main$.innerCountChange$1(Main.scala:49)
[error] 	at recfun.Main$.innerCountChange$1(Main.scala:49)
[error] 	at recfun.Main$.innerCountChange$1(Main.scala:49)
[error] 	at recfun.Main$.innerCountChange$1(Main.scala:49)
[error] 	at recfun.Main$.innerCountChange$1(Main.scala:49)
[error] 	at recfun.Main$.innerCountChange$1(Main.scala:49)
[error] 	at recfun.Main$.innerCountChange$1(Main.scala:49)
[error] 	at recfun.Main$.innerCountChange$1(Main.scala:49)
[error] 	at recfun.Main$.innerCountChange$1(Main.scala:49)
[error] 	at recfun.Main$.innerCountChange$1(Main.scala:49)
[error] 	at recfun.Main$.innerCountChange$1(Main.scala:49)
[error] 	at recfun.Main$.innerCountChange$1(Main.scala:49)
[error] 	at recfun.Main$.innerCountChange$1(Main.scala:49)
[error] 	at recfun.Main$.innerCountChange$1(Main.scala:49)
[error] 	at recfun.Main$.innerCountChange$1(Main.scala:49)
[error] 	at recfun.Main$.innerCountChange$1(Main.scala:49)
[error] 	at recfun.Main$.innerCountChange$1(Main.scala:49)
[error] 	at recfun.Main$.innerCountChange$1(Main.scala:49)
[error] 	at recfun.Main$.innerCountChange$1(Main.scala:49)
[error] 	at recfun.Main$.innerCountChange$1(Main.scala:49)
[error] 	at recfun.Main$.innerCountChange$1(Main.scala:49)
[error] 	at recfun.Main$.innerCountChange$1(Main.scala:49)
[error] 	at recfun.Main$.innerCountChange$1(Main.scala:49)
[error] 	at recfun.Main$.innerCountChange$1(Main.scala:49)
[error] 	at recfun.Main$.innerCountChange$1(Main.scala:49)
[error] 	at recfun.Main$.innerCountChange$1(Main.scala:49)
[error] 	at recfun.Main$.innerCountChange$1(Main.scala:49)
[error] 	at recfun.Main$.innerCountChange$1(Main.scala:49)
[error] 	at recfun.Main$.innerCountChange$1(Main.scala:49)
[error] 	at recfun.Main$.innerCountChange$1(Main.scala:49)
[error] 	at recfun.Main$.innerCountChange$1(Main.scala:49)
[error] 	at recfun.Main$.innerCountChange$1(Main.scala:49)
[error] 	at recfun.Main$.innerCountChange$1(Main.scala:49)
[error] 	at recfun.Main$.innerCountChange$1(Main.scala:49)
[error] 	at recfun.Main$.innerCountChange$1(Main.scala:49)
[error] 	at recfun.Main$.innerCountChange$1(Main.scala:49)
[error] 	at recfun.Main$.innerCountChange$1(Main.scala:49)
[error] 	at recfun.Main$.innerCountChange$1(Main.scala:49)
[error] 	at recfun.Main$.innerCountChange$1(Main.scala:49)
[error] 	at recfun.Main$.innerCountChange$1(Main.scala:49)
[error] 	at recfun.Main$.innerCountChange$1(Main.scala:49)
[error] 	at recfun.Main$.innerCountChange$1(Main.scala:49)
[error] 	at recfun.Main$.innerCountChange$1(Main.scala:49)
[error] 	at recfun.Main$.innerCountChange$1(Main.scala:49)
[error] 	at recfun.Main$.innerCountChange$1(Main.scala:49)
[error] 	at recfun.Main$.innerCountChange$1(Main.scala:49)
[error] 	at recfun.Main$.innerCountChange$1(Main.scala:49)
[error] 	at recfun.Main$.innerCountChange$1(Main.scala:49)
[error] 	at recfun.Main$.innerCountChange$1(Main.scala:49)
[error] 	at recfun.Main$.innerCountChange$1(Main.scala:49)
[error] 	at recfun.Main$.innerCountChange$1(Main.scala:49)
[error] 	at recfun.Main$.innerCountChange$1(Main.scala:49)
[error] 	at recfun.Main$.innerCountChange$1(Main.scala:49)
[error] 	at recfun.Main$.innerCountChange$1(Main.scala:49)
[error] 	at recfun.Main$.innerCountChange$1(Main.scala:49)
[error] 	at recfun.Main$.innerCountChange$1(Main.scala:49)
[error] 	at recfun.Main$.innerCountChange$1(Main.scala:49)
[error] 	at recfun.Main$.innerCountChange$1(Main.scala:49)
[error] 	at recfun.Main$.innerCountChange$1(Main.scala:49)
[error] 	at recfun.Main$.innerCountChange$1(Main.scala:49)
[error] 	at recfun.Main$.innerCountChange$1(Main.scala:49)
[error] 	at recfun.Main$.innerCountChange$1(Main.scala:49)
[error] 	at recfun.Main$.innerCountChange$1(Main.scala:49)
[error] 	at recfun.Main$.innerCountChange$1(Main.scala:49)
[error] 	at recfun.Main$.innerCountChange$1(Main.scala:49)
[error] 	at recfun.Main$.innerCountChange$1(Main.scala:49)
[error] 	at recfun.Main$.innerCountChange$1(Main.scala:49)
[error] 	at recfun.Main$.innerCountChange$1(Main.scala:49)
[error] 	at recfun.Main$.innerCountChange$1(Main.scala:49)
[error] 	at recfun.Main$.innerCountChange$1(Main.scala:49)
[error] 	at recfun.Main$.innerCountChange$1(Main.scala:49)
[error] 	at recfun.Main$.innerCountChange$1(Main.scala:49)
[error] 	at recfun.Main$.innerCountChange$1(Main.scala:49)
[error] 	at recfun.Main$.innerCountChange$1(Main.scala:49)
[error] 	at recfun.Main$.innerCountChange$1(Main.scala:49)
[error] 	at recfun.Main$.innerCountChange$1(Main.scala:49)
[error] 	at recfun.Main$.innerCountChange$1(Main.scala:49)
[error] 	at recfun.Main$.innerCountChange$1(Main.scala:49)
[error] 	at recfun.Main$.innerCountChange$1(Main.scala:49)
[error] 	at recfun.Main$.innerCountChange$1(Main.scala:49)
[error] 	at recfun.Main$.innerCountChange$1(Main.scala:49)
[error] 	at recfun.Main$.innerCountChange$1(Main.scala:49)
[error] 	at recfun.Main$.innerCountChange$1(Main.scala:49)
[error] 	at recfun.Main$.innerCountChange$1(Main.scala:49)
[error] 	at recfun.Main$.innerCountChange$1(Main.scala:49)
[error] 	at recfun.Main$.innerCountChange$1(Main.scala:49)
[error] 	at recfun.Main$.innerCountChange$1(Main.scala:49)
[error] 	at recfun.Main$.innerCountChange$1(Main.scala:49)
[error] 	at recfun.Main$.innerCountChange$1(Main.scala:49)
[error] 	at recfun.Main$.innerCountChange$1(Main.scala:49)
[error] 	at recfun.Main$.innerCountChange$1(Main.scala:49)
[error] 	at recfun.Main$.innerCountChange$1(Main.scala:49)
[error] 	at recfun.Main$.innerCountChange$1(Main.scala:49)
[error] 	at recfun.Main$.innerCountChange$1(Main.scala:49)
[error] 	at recfun.Main$.innerCountChange$1(Main.scala:49)
[error] 	at recfun.Main$.innerCountChange$1(Main.scala:49)
[error] 	at recfun.Main$.innerCountChange$1(Main.scala:49)
[error] 	at recfun.Main$.innerCountChange$1(Main.scala:49)
[error] 	at recfun.Main$.innerCountChange$1(Main.scala:49)
[error] 	at recfun.Main$.innerCountChange$1(Main.scala:49)
[error] 	at recfun.Main$.innerCountChange$1(Main.scala:49)
[error] 	at recfun.Main$.innerCountChange$1(Main.scala:49)
[error] 	at recfun.Main$.innerCountChange$1(Main.scala:49)
[error] 	at recfun.Main$.innerCountChange$1(Main.scala:49)
[error] 	at recfun.Main$.innerCountChange$1(Main.scala:49)
[error] 	at recfun.Main$.innerCountChange$1(Main.scala:49)
[error] 	at recfun.Main$.innerCountChange$1(Main.scala:49)
[error] 	at recfun.Main$.innerCountChange$1(Main.scala:49)
[error] 	at recfun.Main$.innerCountChange$1(Main.scala:49)
[error] 	at recfun.Main$.innerCountChange$1(Main.scala:49)
[error] 	at recfun.Main$.innerCountChange$1(Main.scala:49)
[error] 	at recfun.Main$.innerCountChange$1(Main.scala:49)
[error] 	at recfun.Main$.innerCountChange$1(Main.scala:49)
[error] 	at recfun.Main$.innerCountChange$1(Main.scala:49)
[error] 	at recfun.Main$.innerCountChange$1(Main.scala:49)
[error] 	at recfun.Main$.innerCountChange$1(Main.scala:49)
[error] 	at recfun.Main$.innerCountChange$1(Main.scala:49)
[error] 	at recfun.Main$.innerCountChange$1(Main.scala:49)
[error] 	at recfun.Main$.innerCountChange$1(Main.scala:49)
[error] 	at recfun.Main$.innerCountChange$1(Main.scala:49)
[error] 	at recfun.Main$.innerCountChange$1(Main.scala:49)
[error] 	at recfun.Main$.innerCountChange$1(Main.scala:49)
[error] 	at recfun.Main$.innerCountChange$1(Main.scala:49)
[error] 	at recfun.Main$.innerCountChange$1(Main.scala:49)
[error] 	at recfun.Main$.innerCountChange$1(Main.scala:49)
[error] 	at recfun.Main$.innerCountChange$1(Main.scala:49)
[error] 	at recfun.Main$.innerCountChange$1(Main.scala:49)
[error] 	at recfun.Main$.innerCountChange$1(Main.scala:49)
[error] 	at recfun.Main$.innerCountChange$1(Main.scala:49)
[error] 	at recfun.Main$.innerCountChange$1(Main.scala:49)
[error] 	at recfun.Main$.innerCountChange$1(Main.scala:49)
[error] 	at recfun.Main$.innerCountChange$1(Main.scala:49)
[error] 	at recfun.Main$.innerCountChange$1(Main.scala:49)
[error] 	at recfun.Main$.innerCountChange$1(Main.scala:49)
[error] 	at recfun.Main$.innerCountChange$1(Main.scala:49)
[error] 	at recfun.Main$.innerCountChange$1(Main.scala:49)
[error] 	at recfun.Main$.innerCountChange$1(Main.scala:49)
[error] 	at recfun.Main$.innerCountChange$1(Main.scala:49)
[error] 	at recfun.Main$.innerCountChange$1(Main.scala:49)
[error] 	at recfun.Main$.innerCountChange$1(Main.scala:49)
[error] 	at recfun.Main$.innerCountChange$1(Main.scala:49)
[error] 	at recfun.Main$.innerCountChange$1(Main.scala:49)
[error] 	at recfun.Main$.innerCountChange$1(Main.scala:49)
[error] 	at recfun.Main$.innerCountChange$1(Main.scala:49)
[error] 	at recfun.Main$.innerCountChange$1(Main.scala:49)
[error] 	at recfun.Main$.innerCountChange$1(Main.scala:49)
[error] 	at recfun.Main$.innerCountChange$1(Main.scala:49)
[error] 	at recfun.Main$.innerCountChange$1(Main.scala:49)
[error] 	at recfun.Main$.innerCountChange$1(Main.scala:49)
[error] 	at recfun.Main$.innerCountChange$1(Main.scala:49)
[error] 	at recfun.Main$.innerCountChange$1(Main.scala:49)
[error] 	at recfun.Main$.innerCountChange$1(Main.scala:49)
[error] 	at recfun.Main$.innerCountChange$1(Main.scala:49)
[error] 	at recfun.Main$.innerCountChange$1(Main.scala:49)
[error] 	at recfun.Main$.innerCountChange$1(Main.scala:49)
[error] 	at recfun.Main$.innerCountChange$1(Main.scala:49)
[error] 	at recfun.Main$.innerCountChange$1(Main.scala:49)
[error] 	at recfun.Main$.innerCountChange$1(Main.scala:49)
[error] 	at recfun.Main$.innerCountChange$1(Main.scala:49)
[error] 	at recfun.Main$.innerCountChange$1(Main.scala:49)
[error] 	at recfun.Main$.innerCountChange$1(Main.scala:49)
[error] 	at recfun.Main$.innerCountChange$1(Main.scala:49)
[error] 	at recfun.Main$.innerCountChange$1(Main.scala:49)
[error] 	at recfun.Main$.innerCountChange$1(Main.scala:49)
[error] 	at recfun.Main$.innerCountChange$1(Main.scala:49)
[error] 	at recfun.Main$.innerCountChange$1(Main.scala:49)
[error] 	at recfun.Main$.innerCountChange$1(Main.scala:49)
[error] 	at recfun.Main$.innerCountChange$1(Main.scala:49)
[error] 	at recfun.Main$.innerCountChange$1(Main.scala:49)
[error] 	at recfun.Main$.innerCountChange$1(Main.scala:49)
[error] 	at recfun.Main$.innerCountChange$1(Main.scala:49)
[error] 	at recfun.Main$.innerCountChange$1(Main.scala:49)
[error] 	at recfun.Main$.innerCountChange$1(Main.scala:49)
[error] 	at recfun.Main$.innerCountChange$1(Main.scala:49)
[error] 	at recfun.Main$.innerCountChange$1(Main.scala:49)
[error] 	at recfun.Main$.innerCountChange$1(Main.scala:49)
[error] 	at recfun.Main$.innerCountChange$1(Main.scala:49)
[error] 	at recfun.Main$.innerCountChange$1(Main.scala:49)
[error] 	at recfun.Main$.innerCountChange$1(Main.scala:49)
[error] 	at recfun.Main$.innerCountChange$1(Main.scala:49)
[error] 	at recfun.Main$.innerCountChange$1(Main.scala:49)
[error] 	at recfun.Main$.innerCountChange$1(Main.scala:49)
[error] 	at recfun.Main$.innerCountChange$1(Main.scala:49)
[error] 	at recfun.Main$.innerCountChange$1(Main.scala:49)
[error] 	at recfun.Main$.innerCountChange$1(Main.scala:49)
[error] 	at recfun.Main$.innerCountChange$1(Main.scala:49)
[error] 	at recfun.Main$.innerCountChange$1(Main.scala:49)
[error] 	at recfun.Main$.innerCountChange$1(Main.scala:49)
[error] 	at recfun.Main$.innerCountChange$1(Main.scala:49)
[error] 	at recfun.Main$.innerCountChange$1(Main.scala:49)
[error] 	at recfun.Main$.innerCountChange$1(Main.scala:49)
[error] 	at recfun.Main$.innerCountChange$1(Main.scala:49)
[error] 	at recfun.Main$.innerCountChange$1(Main.scala:49)
[error] 	at recfun.Main$.innerCountChange$1(Main.scala:49)
[error] 	at recfun.Main$.innerCountChange$1(Main.scala:49)
[error] 	at recfun.Main$.innerCountChange$1(Main.scala:49)
[error] 	at recfun.Main$.innerCountChange$1(Main.scala:49)
[error] 	at recfun.Main$.innerCountChange$1(Main.scala:49)
[error] 	at recfun.Main$.innerCountChange$1(Main.scala:49)
[error] 	at recfun.Main$.innerCountChange$1(Main.scala:49)
[error] 	at recfun.Main$.innerCountChange$1(Main.scala:49)
[error] 	at recfun.Main$.innerCountChange$1(Main.scala:49)
[error] 	at recfun.Main$.innerCountChange$1(Main.scala:49)
[error] 	at recfun.Main$.innerCountChange$1(Main.scala:49)
[error] 	at recfun.Main$.innerCountChange$1(Main.scala:49)
[error] 	at recfun.Main$.innerCountChange$1(Main.scala:49)
[error] 	at recfun.Main$.innerCountChange$1(Main.scala:49)
[error] 	at recfun.Main$.innerCountChange$1(Main.scala:49)
[error] 	at recfun.Main$.innerCountChange$1(Main.scala:49)
[error] 	at recfun.Main$.innerCountChange$1(Main.scala:49)
[error] 	at recfun.Main$.innerCountChange$1(Main.scala:49)
[error] 	at recfun.Main$.innerCountChange$1(Main.scala:49)
[error] 	at recfun.Main$.innerCountChange$1(Main.scala:49)
[error] 	at recfun.Main$.innerCountChange$1(Main.scala:49)
[error] 	at recfun.Main$.innerCountChange$1(Main.scala:49)
[error] 	at recfun.Main$.innerCountChange$1(Main.scala:49)
[error] 	at recfun.Main$.innerCountChange$1(Main.scala:49)
[error] 	at recfun.Main$.innerCountChange$1(Main.scala:49)
[error] 	at recfun.Main$.innerCountChange$1(Main.scala:49)
[error] 	at recfun.Main$.innerCountChange$1(Main.scala:49)
[error] 	at recfun.Main$.innerCountChange$1(Main.scala:49)
[error] 	at recfun.Main$.innerCountChange$1(Main.scala:49)
[error] 	at recfun.Main$.innerCountChange$1(Main.scala:49)
[error] 	at recfun.Main$.innerCountChange$1(Main.scala:49)
[error] 	at recfun.Main$.innerCountChange$1(Main.scala:49)
[error] 	at recfun.Main$.innerCountChange$1(Main.scala:49)
[error] 	at recfun.Main$.innerCountChange$1(Main.scala:49)
[error] 	at recfun.Main$.innerCountChange$1(Main.scala:49)
[error] 	at recfun.Main$.innerCountChange$1(Main.scala:49)
[error] 	at recfun.Main$.innerCountChange$1(Main.scala:49)
[error] 	at recfun.Main$.innerCountChange$1(Main.scala:49)
[error] 	at recfun.Main$.innerCountChange$1(Main.scala:49)
[error] 	at recfun.Main$.innerCountChange$1(Main.scala:49)
[error] 	at recfun.Main$.innerCountChange$1(Main.scala:49)
[error] 	at recfun.Main$.innerCountChange$1(Main.scala:49)
[error] 	at recfun.Main$.innerCountChange$1(Main.scala:49)
[error] 	at recfun.Main$.innerCountChange$1(Main.scala:49)
[error] 	at recfun.Main$.innerCountChange$1(Main.scala:49)
[error] 	at recfun.Main$.innerCountChange$1(Main.scala:49)
[error] 	at recfun.Main$.innerCountChange$1(Main.scala:49)
[error] 	at recfun.Main$.innerCountChange$1(Main.scala:49)
[error] 	at recfun.Main$.innerCountChange$1(Main.scala:49)
[error] 	at recfun.Main$.innerCountChange$1(Main.scala:49)
[error] 	at recfun.Main$.innerCountChange$1(Main.scala:49)
[error] 	at recfun.Main$.innerCountChange$1(Main.scala:49)
[error] 	at recfun.Main$.innerCountChange$1(Main.scala:49)
[error] 	at recfun.Main$.innerCountChange$1(Main.scala:49)
[error] 	at recfun.Main$.innerCountChange$1(Main.scala:49)
[error] 	at recfun.Main$.innerCountChange$1(Main.scala:49)
[error] 	at recfun.Main$.innerCountChange$1(Main.scala:49)
[error] 	at recfun.Main$.innerCountChange$1(Main.scala:49)
[error] 	at recfun.Main$.innerCountChange$1(Main.scala:49)
[error] 	at recfun.Main$.innerCountChange$1(Main.scala:49)
[error] 	at recfun.Main$.innerCountChange$1(Main.scala:49)
[error] 	at recfun.Main$.innerCountChange$1(Main.scala:49)
[error] 	at recfun.Main$.innerCountChange$1(Main.scala:49)
[error] 	at recfun.Main$.innerCountChange$1(Main.scala:49)
[error] 	at recfun.Main$.innerCountChange$1(Main.scala:49)
[error] 	at recfun.Main$.innerCountChange$1(Main.scala:49)
[error] 	at recfun.Main$.innerCountChange$1(Main.scala:49)
[error] 	at recfun.Main$.innerCountChange$1(Main.scala:49)
[error] 	at recfun.Main$.innerCountChange$1(Main.scala:49)
[error] 	at recfun.Main$.innerCountChange$1(Main.scala:49)
[error] 	at recfun.Main$.innerCountChange$1(Main.scala:49)
[error] 	at recfun.Main$.innerCountChange$1(Main.scala:49)
[error] 	at recfun.Main$.innerCountChange$1(Main.scala:49)
[error] 	at recfun.Main$.innerCountChange$1(Main.scala:49)
[error] 	at recfun.Main$.innerCountChange$1(Main.scala:49)
[error] 	at recfun.Main$.innerCountChange$1(Main.scala:49)
[error] 	at recfun.Main$.innerCountChange$1(Main.scala:49)
[error] 	at recfun.Main$.innerCountChange$1(Main.scala:49)
[error] 	at recfun.Main$.innerCountChange$1(Main.scala:49)
[error] 	at recfun.Main$.innerCountChange$1(Main.scala:49)
[error] 	at recfun.Main$.innerCountChange$1(Main.scala:49)
[error] 	at recfun.Main$.innerCountChange$1(Main.scala:49)
[error] 	at recfun.Main$.innerCountChange$1(Main.scala:49)
[error] 	at recfun.Main$.innerCountChange$1(Main.scala:49)
[error] 	at recfun.Main$.innerCountChange$1(Main.scala:49)
[error] 	at recfun.Main$.innerCountChange$1(Main.scala:49)
[error] 	at recfun.Main$.innerCountChange$1(Main.scala:49)
[error] 	at recfun.Main$.innerCountChange$1(Main.scala:49)
[error] 	at recfun.Main$.innerCountChange$1(Main.scala:49)
[error] 	at recfun.Main$.innerCountChange$1(Main.scala:49)
[error] 	at recfun.Main$.innerCountChange$1(Main.scala:49)
[error] 	at recfun.Main$.innerCountChange$1(Main.scala:49)
[error] 	at recfun.Main$.innerCountChange$1(Main.scala:49)
[error] 	at recfun.Main$.innerCountChange$1(Main.scala:49)
[error] 	at recfun.Main$.innerCountChange$1(Main.scala:49)
[error] 	at recfun.Main$.innerCountChange$1(Main.scala:49)
[error] 	at recfun.Main$.innerCountChange$1(Main.scala:49)
[error] 	at recfun.Main$.innerCountChange$1(Main.scala:49)
[error] 	at recfun.Main$.innerCountChange$1(Main.scala:49)
[error] 	at recfun.Main$.innerCountChange$1(Main.scala:49)
[error] 	at recfun.Main$.innerCountChange$1(Main.scala:49)
[error] 	at recfun.Main$.innerCountChange$1(Main.scala:49)
[error] 	at recfun.Main$.innerCountChange$1(Main.scala:49)
[error] 	at recfun.Main$.innerCountChange$1(Main.scala:49)
[error] 	at recfun.Main$.innerCountChange$1(Main.scala:49)
[error] 	at recfun.Main$.innerCountChange$1(Main.scala:49)
[error] 	at recfun.Main$.innerCountChange$1(Main.scala:49)
[error] 	at recfun.Main$.innerCountChange$1(Main.scala:49)
[error] 	at recfun.Main$.innerCountChange$1(Main.scala:49)
[error] (Test / executeTests) java.lang.StackOverflowError
[error] Total time: 0 s, completed 22 . 2021 ., 07:54:13
[debug] > Exec(idea-shell, None, None)
